# JRE version: Java(TM) SE Runtime Environment (8.0_45-b15) (build 1.8.0_45-b15)
# Java VM: Java HotSpot(TM) 64-Bit Server VM (25.45-b02 mixed mode windows-amd64 compressed oops)
Heap:
 PSYoungGen      total 31232K, used 29910K [0x00000000eb200000, 0x00000000edf00000, 0x0000000100000000)
  eden space 26112K, 98% used [0x00000000eb200000,0x00000000ecb05718,0x00000000ecb80000)
  from space 5120K, 83% used [0x00000000ecb80000,0x00000000ecfb0350,0x00000000ed080000)
  to   space 5632K, 0% used [0x00000000ed980000,0x00000000ed980000,0x00000000edf00000)
 ParOldGen       total 28160K, used 5204K [0x00000000c1600000, 0x00000000c3180000, 0x00000000eb200000)
  object space 28160K, 18% used [0x00000000c1600000,0x00000000c1b153d0,0x00000000c3180000)
 Metaspace       used 18825K, capacity 19312K, committed 19456K, reserved 1067008K
  class space    used 2291K, capacity 2459K, committed 2560K, reserved 1048576K
GC Heap History (10 events):
Event: 4.965 GC heap before
{Heap before GC invocations=6 (full 1):
 PSYoungGen      total 18944K, used 2541K [0x00000000eb200000, 0x00000000ec700000, 0x0000000100000000)
  eden space 16384K, 0% used [0x00000000eb200000,0x00000000eb200000,0x00000000ec200000)
  from space 2560K, 99% used [0x00000000ec200000,0x00000000ec47b7c0,0x00000000ec480000)
  to   space 2560K, 0% used [0x00000000ec480000,0x00000000ec480000,0x00000000ec700000)
 ParOldGen       total 44032K, used 6718K [0x00000000c1600000, 0x00000000c4100000, 0x00000000eb200000)
  object space 44032K, 15% used [0x00000000c1600000,0x00000000c1c8f840,0x00000000c4100000)
 Metaspace       used 12188K, capacity 12356K, committed 12416K, reserved 1064960K
  class space    used 1523K, capacity 1608K, committed 1664K, reserved 1048576K
Event: 5.018 GC heap after
Heap after GC invocations=6 (full 1):
 PSYoungGen      total 18944K, used 0K [0x00000000eb200000, 0x00000000ec700000, 0x0000000100000000)
  eden space 16384K, 0% used [0x00000000eb200000,0x00000000eb200000,0x00000000ec200000)
  from space 2560K, 0% used [0x00000000ec200000,0x00000000ec200000,0x00000000ec480000)
  to   space 2560K, 0% used [0x00000000ec480000,0x00000000ec480000,0x00000000ec700000)
 ParOldGen       total 28160K, used 3873K [0x00000000c1600000, 0x00000000c3180000, 0x00000000eb200000)
  object space 28160K, 13% used [0x00000000c1600000,0x00000000c19c8400,0x00000000c3180000)
 Metaspace       used 12188K, capacity 12356K, committed 12416K, reserved 1062912K
  class space    used 1523K, capacity 1608K, committed 1664K, reserved 1048576K
}
Event: 5.736 GC heap before
{Heap before GC invocations=7 (full 1):
 PSYoungGen      total 18944K, used 16384K [0x00000000eb200000, 0x00000000ec700000, 0x0000000100000000)
  eden space 16384K, 100% used [0x00000000eb200000,0x00000000ec200000,0x00000000ec200000)
  from space 2560K, 0% used [0x00000000ec200000,0x00000000ec200000,0x00000000ec480000)
  to   space 2560K, 0% used [0x00000000ec480000,0x00000000ec480000,0x00000000ec700000)
 ParOldGen       total 28160K, used 3873K [0x00000000c1600000, 0x00000000c3180000, 0x00000000eb200000)
  object space 28160K, 13% used [0x00000000c1600000,0x00000000c19c8400,0x00000000c3180000)
 Metaspace       used 14287K, capacity 14534K, committed 14720K, reserved 1062912K
  class space    used 1781K, capacity 1875K, committed 1920K, reserved 1048576K
Event: 5.742 GC heap after
Heap after GC invocations=7 (full 1):
 PSYoungGen      total 18944K, used 2545K [0x00000000eb200000, 0x00000000ec700000, 0x0000000100000000)
  eden space 16384K, 0% used [0x00000000eb200000,0x00000000eb200000,0x00000000ec200000)
  from space 2560K, 99% used [0x00000000ec480000,0x00000000ec6fc760,0x00000000ec700000)
  to   space 2560K, 0% used [0x00000000ec200000,0x00000000ec200000,0x00000000ec480000)
 ParOldGen       total 28160K, used 3890K [0x00000000c1600000, 0x00000000c3180000, 0x00000000eb200000)
  object space 28160K, 13% used [0x00000000c1600000,0x00000000c19cc948,0x00000000c3180000)
 Metaspace       used 14287K, capacity 14534K, committed 14720K, reserved 1062912K
  class space    used 1781K, capacity 1875K, committed 1920K, reserved 1048576K
}
Event: 7.145 GC heap before
{Heap before GC invocations=8 (full 1):
 PSYoungGen      total 18944K, used 18929K [0x00000000eb200000, 0x00000000ec700000, 0x0000000100000000)
  eden space 16384K, 100% used [0x00000000eb200000,0x00000000ec200000,0x00000000ec200000)
  from space 2560K, 99% used [0x00000000ec480000,0x00000000ec6fc760,0x00000000ec700000)
  to   space 2560K, 0% used [0x00000000ec200000,0x00000000ec200000,0x00000000ec480000)
 ParOldGen       total 28160K, used 3890K [0x00000000c1600000, 0x00000000c3180000, 0x00000000eb200000)
  object space 28160K, 13% used [0x00000000c1600000,0x00000000c19cc948,0x00000000c3180000)
 Metaspace       used 15186K, capacity 15422K, committed 15616K, reserved 1064960K
  class space    used 1868K, capacity 1975K, committed 2048K, reserved 1048576K
Event: 7.153 GC heap after
Heap after GC invocations=8 (full 1):
 PSYoungGen      total 18944K, used 2528K [0x00000000eb200000, 0x00000000ed700000, 0x0000000100000000)
  eden space 16384K, 0% used [0x00000000eb200000,0x00000000eb200000,0x00000000ec200000)
  from space 2560K, 98% used [0x00000000ec200000,0x00000000ec478020,0x00000000ec480000)
  to   space 5632K, 0% used [0x00000000ed180000,0x00000000ed180000,0x00000000ed700000)
 ParOldGen       total 28160K, used 4248K [0x00000000c1600000, 0x00000000c3180000, 0x00000000eb200000)
  object space 28160K, 15% used [0x00000000c1600000,0x00000000c1a263c0,0x00000000c3180000)
 Metaspace       used 15186K, capacity 15422K, committed 15616K, reserved 1064960K
  class space    used 1868K, capacity 1975K, committed 2048K, reserved 1048576K
}
Event: 8.502 GC heap before
{Heap before GC invocations=9 (full 1):
 PSYoungGen      total 18944K, used 18912K [0x00000000eb200000, 0x00000000ed700000, 0x0000000100000000)
  eden space 16384K, 100% used [0x00000000eb200000,0x00000000ec200000,0x00000000ec200000)
  from space 2560K, 98% used [0x00000000ec200000,0x00000000ec478020,0x00000000ec480000)
  to   space 5632K, 0% used [0x00000000ed180000,0x00000000ed180000,0x00000000ed700000)
 ParOldGen       total 28160K, used 4248K [0x00000000c1600000, 0x00000000c3180000, 0x00000000eb200000)
  object space 28160K, 15% used [0x00000000c1600000,0x00000000c1a263c0,0x00000000c3180000)
 Metaspace       used 15460K, capacity 15678K, committed 15872K, reserved 1064960K
  class space    used 1884K, capacity 1975K, committed 2048K, reserved 1048576K
Event: 8.512 GC heap after
Heap after GC invocations=9 (full 1):
 PSYoungGen      total 30208K, used 3168K [0x00000000eb200000, 0x00000000ed580000, 0x0000000100000000)
  eden space 26112K, 0% used [0x00000000eb200000,0x00000000eb200000,0x00000000ecb80000)
  from space 4096K, 77% used [0x00000000ed180000,0x00000000ed498000,0x00000000ed580000)
  to   space 5120K, 0% used [0x00000000ecb80000,0x00000000ecb80000,0x00000000ed080000)
 ParOldGen       total 28160K, used 4256K [0x00000000c1600000, 0x00000000c3180000, 0x00000000eb200000)
  object space 28160K, 15% used [0x00000000c1600000,0x00000000c1a283c0,0x00000000c3180000)
 Metaspace       used 15460K, capacity 15678K, committed 15872K, reserved 1064960K
  class space    used 1884K, capacity 1975K, committed 2048K, reserved 1048576K
}
Event: 10.581 GC heap before
{Heap before GC invocations=10 (full 1):
 PSYoungGen      total 30208K, used 29280K [0x00000000eb200000, 0x00000000ed580000, 0x0000000100000000)
  eden space 26112K, 100% used [0x00000000eb200000,0x00000000ecb80000,0x00000000ecb80000)
  from space 4096K, 77% used [0x00000000ed180000,0x00000000ed498000,0x00000000ed580000)
  to   space 5120K, 0% used [0x00000000ecb80000,0x00000000ecb80000,0x00000000ed080000)
 ParOldGen       total 28160K, used 4256K [0x00000000c1600000, 0x00000000c3180000, 0x00000000eb200000)
  object space 28160K, 15% used [0x00000000c1600000,0x00000000c1a283c0,0x00000000c3180000)
 Metaspace       used 16626K, capacity 17068K, committed 17280K, reserved 1067008K
  class space    used 1992K, capacity 2120K, committed 2176K, reserved 1048576K
Event: 10.591 GC heap after
Heap after GC invocations=10 (full 1):
 PSYoungGen      total 31232K, used 4288K [0x00000000eb200000, 0x00000000edf00000, 0x0000000100000000)
  eden space 26112K, 0% used [0x00000000eb200000,0x00000000eb200000,0x00000000ecb80000)
  from space 5120K, 83% used [0x00000000ecb80000,0x00000000ecfb0350,0x00000000ed080000)
  to   space 5632K, 0% used [0x00000000ed980000,0x00000000ed980000,0x00000000edf00000)
 ParOldGen       total 28160K, used 5204K [0x00000000c1600000, 0x00000000c3180000, 0x00000000eb200000)
  object space 28160K, 18% used [0x00000000c1600000,0x00000000c1b153d0,0x00000000c3180000)
 Metaspace       used 16626K, capacity 17068K, committed 17280K, reserved 1067008K
  class space    used 1992K, capacity 2120K, committed 2176K, reserved 1048576K
}

